[0.056s] Invoking command in '/home/g209/workspace/build/game': CMAKE_PREFIX_PATH=${CMAKE_PREFIX_PATH}:/opt/ros/humble /usr/bin/cmake --build /home/g209/workspace/build/game -- -j2 -l2
[0.121s] [  9%] Built target game__rosidl_generator_c
[0.121s] [ 12%] Built target game__cpp
[0.166s] [ 21%] Built target game__rosidl_typesupport_cpp
[0.174s] [ 21%] Built target ament_cmake_python_copy_game
[0.191s] [ 30%] Built target game__rosidl_typesupport_fastrtps_c
[0.198s] [ 39%] Built target game__rosidl_typesupport_introspection_c
[0.214s] [ 48%] Built target game__rosidl_typesupport_c
[0.224s] [ 57%] Built target game__rosidl_typesupport_fastrtps_cpp
[0.251s] [ 66%] Built target game__rosidl_typesupport_introspection_cpp
[0.274s] [ 69%] [32mBuilding CXX object CMakeFiles/controller_publisher.dir/src/controller_publisher.cpp.o[0m
[0.396s] [01m[K/home/g209/workspace/src/game/src/controller_publisher.cpp:4:10:[m[K [01;31m[Kfatal error: [m[K../../game/include/game/game/msg/game_state_msg.hpp: Datei oder Verzeichnis nicht gefunden
[0.397s]     4 | #include [01;31m[K"../../game/include/game/game/msg/game_state_msg.hpp"[m[K
[0.397s]       |          [01;31m[K^~~~~~~~~~~~~~~~~~~~~~~~~~~~~~~~~~~~~~~~~~~~~~~~~~~~~[m[K
[0.397s] compilation terminated.
[0.399s] gmake[2]: *** [CMakeFiles/controller_publisher.dir/build.make:76: CMakeFiles/controller_publisher.dir/src/controller_publisher.cpp.o] Fehler 1
[0.400s] gmake[1]: *** [CMakeFiles/Makefile2:593: CMakeFiles/controller_publisher.dir/all] Fehler 2
[0.401s] gmake[1]: *** Auf noch nicht beendete Prozesse wird gewartet â€¦
[0.403s] running egg_info
[0.404s] writing game.egg-info/PKG-INFO
[0.405s] writing dependency_links to game.egg-info/dependency_links.txt
[0.405s] writing top-level names to game.egg-info/top_level.txt
[0.407s] reading manifest file 'game.egg-info/SOURCES.txt'
[0.407s] writing manifest file 'game.egg-info/SOURCES.txt'
[0.444s] [ 69%] Built target ament_cmake_python_build_game_egg
[0.446s] gmake: *** [Makefile:146: all] Fehler 2
[0.449s] Invoked command in '/home/g209/workspace/build/game' returned '2': CMAKE_PREFIX_PATH=${CMAKE_PREFIX_PATH}:/opt/ros/humble /usr/bin/cmake --build /home/g209/workspace/build/game -- -j2 -l2
