[0.073s] Invoking command in '/home/g209/workspace/build/game': CMAKE_PREFIX_PATH=${CMAKE_PREFIX_PATH}:/opt/ros/humble /usr/bin/cmake --build /home/g209/workspace/build/game -- -j2 -l2
[0.189s] [  9%] Built target game__rosidl_generator_c
[0.197s] [ 12%] Built target game__cpp
[0.253s] [ 21%] Built target game__rosidl_typesupport_cpp
[0.287s] [ 21%] Built target ament_cmake_python_copy_game
[0.295s] [ 30%] Built target game__rosidl_typesupport_fastrtps_c
[0.347s] [ 39%] Built target game__rosidl_typesupport_introspection_c
[0.396s] [ 48%] Built target game__rosidl_typesupport_c
[0.402s] [ 57%] Built target game__rosidl_typesupport_fastrtps_cpp
[0.481s] [ 66%] Built target game__rosidl_typesupport_introspection_cpp
[0.663s] running egg_info
[0.663s] writing game.egg-info/PKG-INFO
[0.663s] writing dependency_links to game.egg-info/dependency_links.txt
[0.663s] writing top-level names to game.egg-info/top_level.txt
[0.667s] reading manifest file 'game.egg-info/SOURCES.txt'
[0.668s] writing manifest file 'game.egg-info/SOURCES.txt'
[0.677s] [35m[1mConsolidate compiler generated dependencies of target controller_publisher[0m
[0.737s] [ 66%] Built target ament_cmake_python_build_game_egg
[0.758s] [ 69%] [32mBuilding CXX object CMakeFiles/controller_publisher.dir/src/controller_publisher.cpp.o[0m
[1.778s] [ 69%] Built target game
[2.551s] [01m[K/home/g209/workspace/src/game/src/controller_publisher.cpp:[m[K In function â€˜[01m[Kint main(int, char**)[m[Kâ€™:
[2.552s] [01m[K/home/g209/workspace/src/game/src/controller_publisher.cpp:135:46:[m[K [01;31m[Kerror: [m[Kcannot call member function â€˜[01m[Kvoid ControllerPublisher::handlePlayerMove()[m[Kâ€™ without object
[2.552s]   135 |         [01;31m[KControllerPublisher::handlePlayerMove()[m[K;
[2.552s]       |         [01;31m[K~~~~~~~~~~~~~~~~~~~~~~~~~~~~~~~~~~~~~^~[m[K
[2.738s] [ 72%] Built target game__py
[3.118s] [ 78%] Built target game__rosidl_generator_py
[3.149s] [ 84%] Built target game__rosidl_typesupport_fastrtps_c__pyext
[3.177s] [ 90%] Built target game__rosidl_typesupport_introspection_c__pyext
[3.205s] [ 96%] Built target game__rosidl_typesupport_c__pyext
[4.530s] gmake[2]: *** [CMakeFiles/controller_publisher.dir/build.make:76: CMakeFiles/controller_publisher.dir/src/controller_publisher.cpp.o] Fehler 1
[4.532s] gmake[1]: *** [CMakeFiles/Makefile2:593: CMakeFiles/controller_publisher.dir/all] Fehler 2
[4.532s] gmake: *** [Makefile:146: all] Fehler 2
[4.538s] Invoked command in '/home/g209/workspace/build/game' returned '2': CMAKE_PREFIX_PATH=${CMAKE_PREFIX_PATH}:/opt/ros/humble /usr/bin/cmake --build /home/g209/workspace/build/game -- -j2 -l2
