[0.049s] Invoking command in '/home/g209/Spicy-Snakes-and-Ladders/build/snakes_and_ladders': /usr/bin/cmake --build /home/g209/Spicy-Snakes-and-Ladders/build/snakes_and_ladders -- -j2 -l2
[0.199s] -- Found ament_cmake: 1.3.5 (/opt/ros/humble/share/ament_cmake/cmake)
[0.367s] Traceback (most recent call last):
[0.367s]   File "/opt/ros/humble/share/ament_cmake_core/cmake/package_templates/templates_2_cmake.py", line 21, in <module>
[0.367s]     from ament_package.templates import get_environment_hook_template_path
[0.367s] ModuleNotFoundError: No module named 'ament_package'
[0.376s] [31mCMake Error at /opt/ros/humble/share/ament_cmake_core/cmake/ament_cmake_package_templates-extras.cmake:41 (message):
[0.376s]   execute_process(/usr/bin/python3.10
[0.376s]   /opt/ros/humble/share/ament_cmake_core/cmake/package_templates/templates_2_cmake.py
[0.376s]   /home/g209/Spicy-Snakes-and-Ladders/build/snakes_and_ladders/ament_cmake_package_templates/templates.cmake)
[0.376s]   returned error code 1
[0.376s] Call Stack (most recent call first):
[0.376s]   /opt/ros/humble/share/ament_cmake_core/cmake/ament_cmake_coreConfig.cmake:41 (include)
[0.376s]   /opt/ros/humble/share/ament_cmake/cmake/ament_cmake_export_dependencies-extras.cmake:15 (find_package)
[0.376s]   /opt/ros/humble/share/ament_cmake/cmake/ament_cmakeConfig.cmake:41 (include)
[0.376s]   CMakeLists.txt:10 (find_package)
[0.376s] 
[0.376s] [0m
[0.377s] -- Configuring incomplete, errors occurred!
[0.377s] See also "/home/g209/Spicy-Snakes-and-Ladders/build/snakes_and_ladders/CMakeFiles/CMakeOutput.log".
[0.381s] gmake: *** [Makefile:226: cmake_check_build_system] Fehler 1
[0.383s] Invoked command in '/home/g209/Spicy-Snakes-and-Ladders/build/snakes_and_ladders' returned '2': /usr/bin/cmake --build /home/g209/Spicy-Snakes-and-Ladders/build/snakes_and_ladders -- -j2 -l2
