[0.063s] Invoking command in '/home/g209/workspace/build/game': CMAKE_PREFIX_PATH=${CMAKE_PREFIX_PATH}:/opt/ros/humble /usr/bin/cmake --build /home/g209/workspace/build/game -- -j2 -l2
[0.134s] [  9%] Built target game__rosidl_generator_c
[0.147s] [ 12%] Built target game__cpp
[0.202s] [ 21%] Built target game__rosidl_typesupport_cpp
[0.205s] [ 21%] Built target ament_cmake_python_copy_game
[0.246s] [ 30%] Built target game__rosidl_typesupport_introspection_c
[0.247s] [ 39%] Built target game__rosidl_typesupport_fastrtps_c
[0.275s] [ 48%] Built target game__rosidl_typesupport_c
[0.276s] [ 57%] Built target game__rosidl_typesupport_fastrtps_cpp
[0.300s] [ 66%] Built target game__rosidl_typesupport_introspection_cpp
[0.390s] [ 69%] [32mBuilding CXX object CMakeFiles/controller_publisher.dir/src/controller_publisher.cpp.o[0m
[0.529s] running egg_info
[0.532s] writing game.egg-info/PKG-INFO
[0.534s] writing dependency_links to game.egg-info/dependency_links.txt
[0.534s] writing top-level names to game.egg-info/top_level.txt
[0.536s] reading manifest file 'game.egg-info/SOURCES.txt'
[0.537s] writing manifest file 'game.egg-info/SOURCES.txt'
[0.576s] [ 69%] Built target ament_cmake_python_build_game_egg
[0.632s] [ 69%] Built target game
[0.688s] [ 72%] Built target game__py
[0.731s] [ 78%] Built target game__rosidl_generator_py
[0.797s] [ 84%] Built target game__rosidl_typesupport_fastrtps_c__pyext
[0.840s] [ 90%] Built target game__rosidl_typesupport_introspection_c__pyext
[0.898s] [ 96%] Built target game__rosidl_typesupport_c__pyext
[2.759s] [01m[K/home/g209/workspace/src/game/src/controller_publisher.cpp:[m[K In member function â€˜[01m[Kvoid ControllerPublisher::checkForSnakeOrLadder(int)[m[Kâ€™:
[2.759s] [01m[K/home/g209/workspace/src/game/src/controller_publisher.cpp:62:49:[m[K [01;31m[Kerror: [m[Kbreak statement not within loop or switch
[2.759s]    62 |                                                 [01;31m[Kbreak[m[K;
[2.759s]       |                                                 [01;31m[K^~~~~[m[K
[2.760s] [01m[K/home/g209/workspace/src/game/src/controller_publisher.cpp:75:41:[m[K [01;31m[Kerror: [m[Kbreak statement not within loop or switch
[2.760s]    75 |                                         [01;31m[Kbreak[m[K;
[2.760s]       |                                         [01;31m[K^~~~~[m[K
[2.761s] [01m[K/home/g209/workspace/src/game/src/controller_publisher.cpp:80:41:[m[K [01;31m[Kerror: [m[Kbreak statement not within loop or switch
[2.761s]    80 |                                         [01;31m[Kbreak[m[K;
[2.761s]       |                                         [01;31m[K^~~~~[m[K
[3.462s] gmake[2]: *** [CMakeFiles/controller_publisher.dir/build.make:76: CMakeFiles/controller_publisher.dir/src/controller_publisher.cpp.o] Fehler 1
[3.463s] gmake[1]: *** [CMakeFiles/Makefile2:593: CMakeFiles/controller_publisher.dir/all] Fehler 2
[3.463s] gmake: *** [Makefile:146: all] Fehler 2
[3.466s] Invoked command in '/home/g209/workspace/build/game' returned '2': CMAKE_PREFIX_PATH=${CMAKE_PREFIX_PATH}:/opt/ros/humble /usr/bin/cmake --build /home/g209/workspace/build/game -- -j2 -l2
