[0.071s] Invoking command in '/home/g209/ros2_ws/build/game': AMENT_PREFIX_PATH=/home/g209/ros2_ws/install/custom_msgs:${AMENT_PREFIX_PATH} CMAKE_PREFIX_PATH=/home/g209/ros2_ws/install/custom_msgs:/opt/ros/humble LD_LIBRARY_PATH=/home/g209/ros2_ws/install/custom_msgs/lib:${LD_LIBRARY_PATH} PYTHONPATH=/home/g209/ros2_ws/install/custom_msgs/local/lib/python3.10/dist-packages:${PYTHONPATH} /usr/bin/cmake --build /home/g209/ros2_ws/build/game -- -j2 -l2
[0.222s] [  3%] Built target game__cpp
[0.246s] [ 12%] Built target game__rosidl_generator_c
[0.293s] [35m[1mConsolidate compiler generated dependencies of target snakes_and_ladders_game[0m
[0.316s] [ 12%] Built target ament_cmake_python_copy_game
[0.332s] [ 15%] [32mBuilding CXX object CMakeFiles/snakes_and_ladders_game.dir/src/board_controller.cpp.o[0m
[0.356s] [35m[1mConsolidate compiler generated dependencies of target game__rosidl_typesupport_cpp[0m
[0.387s] [ 24%] Built target game__rosidl_typesupport_cpp
[0.398s] [35m[1mConsolidate compiler generated dependencies of target game__rosidl_typesupport_fastrtps_c[0m
[0.452s] [ 33%] Built target game__rosidl_typesupport_fastrtps_c
[0.481s] [35m[1mConsolidate compiler generated dependencies of target game__rosidl_typesupport_introspection_c[0m
[0.510s] [ 42%] Built target game__rosidl_typesupport_introspection_c
[0.523s] [35m[1mConsolidate compiler generated dependencies of target game__rosidl_typesupport_c[0m
[0.574s] [ 51%] Built target game__rosidl_typesupport_c
[0.588s] [35m[1mConsolidate compiler generated dependencies of target game__rosidl_typesupport_fastrtps_cpp[0m
[0.610s] [ 60%] Built target game__rosidl_typesupport_fastrtps_cpp
[0.647s] [35m[1mConsolidate compiler generated dependencies of target game__rosidl_typesupport_introspection_cpp[0m
[0.669s] [ 69%] Built target game__rosidl_typesupport_introspection_cpp
[0.841s] running egg_info
[0.841s] writing game.egg-info/PKG-INFO
[0.854s] writing dependency_links to game.egg-info/dependency_links.txt
[0.854s] writing top-level names to game.egg-info/top_level.txt
[0.921s] reading manifest file 'game.egg-info/SOURCES.txt'
[0.921s] writing manifest file 'game.egg-info/SOURCES.txt'
[0.921s] [ 69%] Built target ament_cmake_python_build_game_egg
[0.946s] [ 69%] Built target game
[0.973s] [ 72%] Built target game__py
[1.485s] [ 75%] [32mBuilding C object CMakeFiles/game__rosidl_generator_py.dir/rosidl_generator_py/game/msg/_game_state_msg_s.c.o[0m
[1.641s] [ 78%] [32m[1mLinking C shared library rosidl_generator_py/game/libgame__rosidl_generator_py.so[0m
[1.682s] [ 78%] Built target game__rosidl_generator_py
[1.792s] [ 81%] [32mBuilding C object CMakeFiles/game__rosidl_typesupport_fastrtps_c__pyext.dir/rosidl_generator_py/game/_game_s.ep.rosidl_typesupport_fastrtps_c.c.o[0m
[2.427s] In file included from [01m[K/home/g209/ros2_ws/src/game/src/board_controller.cpp:1[m[K:
[2.427s] [01m[K/home/g209/ros2_ws/src/game/src/board_controller.hpp:14:5:[m[K [01;31m[Kerror: [m[Knon-static data member declared with placeholder â€˜[01m[Kauto[m[Kâ€™
[2.427s]    14 |     [01;31m[Kauto[m[K game_state_msg = custom_msgs::msg::GameStateMsg();
[2.427s]       |     [01;31m[K^~~~[m[K
[2.473s] [ 84%] [32m[1mLinking C shared library rosidl_generator_py/game/game_s__rosidl_typesupport_fastrtps_c.cpython-310-x86_64-linux-gnu.so[0m
[2.530s] [ 84%] Built target game__rosidl_typesupport_fastrtps_c__pyext
[2.585s] [ 87%] [32mBuilding C object CMakeFiles/game__rosidl_typesupport_introspection_c__pyext.dir/rosidl_generator_py/game/_game_s.ep.rosidl_typesupport_introspection_c.c.o[0m
[2.643s] [01m[K/home/g209/ros2_ws/src/game/src/board_controller.cpp:[m[K In lambda function:
[2.643s] [01m[K/home/g209/ros2_ws/src/game/src/board_controller.cpp:15:68:[m[K [01;35m[Kwarning: [m[Kunused parameter â€˜[01m[Kgame_state_msg[m[Kâ€™ [[01;35m[K]8;;https://gcc.gnu.org/onlinedocs/gcc/Warning-Options.html#index-Wunused-parameter-Wunused-parameter]8;;[m[K]
[2.643s]    15 |             [this]([01;35m[Kconst custom_msgs::msg::GameStateMsg::SharedPtr game_state_msg[m[K) {
[2.643s]       |                    [01;35m[K~~~~~~~~~~~~~~~~~~~~~~~~~~~~~~~~~~~~~~~~~~~~~~~~^~~~~~~~~~~~~~[m[K
[2.663s] [ 90%] [32m[1mLinking C shared library rosidl_generator_py/game/game_s__rosidl_typesupport_introspection_c.cpython-310-x86_64-linux-gnu.so[0m
[2.668s] [01m[K/home/g209/ros2_ws/src/game/src/board_controller.cpp:[m[K In function â€˜[01m[Kvoid handlePlayerMove()[m[Kâ€™:
[2.668s] [01m[K/home/g209/ros2_ws/src/game/src/board_controller.cpp:26:13:[m[K [01;31m[Kerror: [m[Kâ€˜[01m[Kgame_state_msg[m[Kâ€™ was not declared in this scope
[2.668s]    26 |             [01;31m[Kgame_state_msg[m[K.dice_result = rollDice();
[2.668s]       |             [01;31m[K^~~~~~~~~~~~~~[m[K
[2.683s] [01m[K/home/g209/ros2_ws/src/game/src/board_controller.cpp:26:42:[m[K [01;31m[Kerror: [m[Kâ€˜[01m[KrollDice[m[Kâ€™ was not declared in this scope
[2.683s]    26 |             game_state_msg.dice_result = [01;31m[KrollDice[m[K();
[2.683s]       |                                          [01;31m[K^~~~~~~~[m[K
[2.727s] [01m[K/home/g209/ros2_ws/src/game/src/board_controller.cpp:29:13:[m[K [01;31m[Kerror: [m[Kâ€˜[01m[KcheckForSnakeOrLadder[m[Kâ€™ was not declared in this scope
[2.728s]    29 |             [01;31m[KcheckForSnakeOrLadder[m[K(game_state_msg.dice_result);
[2.728s]       |             [01;31m[K^~~~~~~~~~~~~~~~~~~~~[m[K
[2.745s] [01m[K/home/g209/ros2_ws/src/game/src/board_controller.cpp:31:13:[m[K [01;31m[Kerror: [m[Kâ€˜[01m[Kgame_state_msg[m[Kâ€™ was not declared in this scope
[2.745s]    31 |             [01;31m[Kgame_state_msg[m[K.dice_result = 0; // Game already won
[2.745s]       |             [01;31m[K^~~~~~~~~~~~~~[m[K
[2.746s] [01m[K/home/g209/ros2_ws/src/game/src/board_controller.cpp:34:9:[m[K [01;31m[Kerror: [m[Kinvalid use of â€˜[01m[Kthis[m[Kâ€™ in non-member function
[2.746s]    34 |         [01;31m[Kthis[m[K->game_state_publisher_->publish(game_state_msg);
[2.746s]       |         [01;31m[K^~~~[m[K
[2.756s] [01m[K/home/g209/ros2_ws/src/game/src/board_controller.cpp:34:46:[m[K [01;31m[Kerror: [m[Kâ€˜[01m[Kgame_state_msg[m[Kâ€™ was not declared in this scope
[2.756s]    34 |         this->game_state_publisher_->publish([01;31m[Kgame_state_msg[m[K);
[2.756s]       |                                              [01;31m[K^~~~~~~~~~~~~~[m[K
[2.768s] [01m[K/home/g209/ros2_ws/src/game/src/board_controller.cpp:[m[K In function â€˜[01m[Kint rollDice()[m[Kâ€™:
[2.768s] [01m[K/home/g209/ros2_ws/src/game/src/board_controller.cpp:40:9:[m[K [01;31m[Kerror: [m[Kâ€˜[01m[Kgame_state_msg[m[Kâ€™ was not declared in this scope
[2.769s]    40 |         [01;31m[Kgame_state_msg[m[K.game_message = "You rolled a " + std::to_string(roll);
[2.769s]       |         [01;31m[K^~~~~~~~~~~~~~[m[K
[2.789s] [01m[K/home/g209/ros2_ws/src/game/src/board_controller.cpp:[m[K In function â€˜[01m[Kvoid checkForSnakeOrLadder(int)[m[Kâ€™:
[2.790s] [ 90%] Built target game__rosidl_typesupport_introspection_c__pyext
[2.790s] [01m[K/home/g209/ros2_ws/src/game/src/board_controller.cpp:55:27:[m[K [01;31m[Kerror: [m[Kâ€˜[01m[Kgame_state_msg[m[Kâ€™ was not declared in this scope
[2.790s]    55 |         int newPosition = [01;31m[Kgame_state_msg[m[K.player_position + roll;
[2.790s]       |                           [01;31m[K^~~~~~~~~~~~~~[m[K
[2.792s] In file included from [01m[K/opt/ros/humble/include/rclcpp/rclcpp/client.hpp:40[m[K,
[2.792s]                  from [01m[K/opt/ros/humble/include/rclcpp/rclcpp/callback_group.hpp:24[m[K,
[2.792s]                  from [01m[K/opt/ros/humble/include/rclcpp/rclcpp/any_executable.hpp:20[m[K,
[2.792s]                  from [01m[K/opt/ros/humble/include/rclcpp/rclcpp/memory_strategy.hpp:25[m[K,
[2.793s]                  from [01m[K/opt/ros/humble/include/rclcpp/rclcpp/memory_strategies.hpp:18[m[K,
[2.793s]                  from [01m[K/opt/ros/humble/include/rclcpp/rclcpp/executor_options.hpp:20[m[K,
[2.793s]                  from [01m[K/opt/ros/humble/include/rclcpp/rclcpp/executor.hpp:37[m[K,
[2.793s]                  from [01m[K/opt/ros/humble/include/rclcpp/rclcpp/executors/multi_threaded_executor.hpp:25[m[K,
[2.793s]                  from [01m[K/opt/ros/humble/include/rclcpp/rclcpp/executors.hpp:21[m[K,
[2.794s]                  from [01m[K/opt/ros/humble/include/rclcpp/rclcpp/rclcpp.hpp:155[m[K,
[2.794s]                  from [01m[K/home/g209/ros2_ws/src/game/src/board_controller.hpp:4[m[K,
[2.794s]                  from [01m[K/home/g209/ros2_ws/src/game/src/board_controller.cpp:1[m[K:
[2.794s] [01m[K/home/g209/ros2_ws/src/game/src/board_controller.cpp:59:29:[m[K [01;31m[Kerror: [m[Kâ€˜[01m[Kget_logger[m[Kâ€™ was not declared in this scope; did you mean â€˜[01m[Krclcpp::get_logger[m[Kâ€™?
[2.794s]    59 |                 RCLCPP_INFO([01;31m[Kget_logger[m[K(), "You landed on a ladder. Do you wish to take it? (y/n) %d");
[2.795s]       |                             [01;31m[K^~~~~~~~~~[m[K
[2.795s] In file included from [01m[K/opt/ros/humble/include/rclcpp/rclcpp/logging.hpp:23[m[K,
[2.795s]                  from [01m[K/opt/ros/humble/include/rclcpp/rclcpp/client.hpp:40[m[K,
[2.795s]                  from [01m[K/opt/ros/humble/include/rclcpp/rclcpp/callback_group.hpp:24[m[K,
[2.796s]                  from [01m[K/opt/ros/humble/include/rclcpp/rclcpp/any_executable.hpp:20[m[K,
[2.796s]                  from [01m[K/opt/ros/humble/include/rclcpp/rclcpp/memory_strategy.hpp:25[m[K,
[2.796s]                  from [01m[K/opt/ros/humble/include/rclcpp/rclcpp/memory_strategies.hpp:18[m[K,
[2.796s]                  from [01m[K/opt/ros/humble/include/rclcpp/rclcpp/executor_options.hpp:20[m[K,
[2.796s]                  from [01m[K/opt/ros/humble/include/rclcpp/rclcpp/executor.hpp:37[m[K,
[2.797s]                  from [01m[K/opt/ros/humble/include/rclcpp/rclcpp/executors/multi_threaded_executor.hpp:25[m[K,
[2.797s]                  from [01m[K/opt/ros/humble/include/rclcpp/rclcpp/executors.hpp:21[m[K,
[2.797s]                  from [01m[K/opt/ros/humble/include/rclcpp/rclcpp/rclcpp.hpp:155[m[K,
[2.797s]                  from [01m[K/home/g209/ros2_ws/src/game/src/board_controller.hpp:4[m[K,
[2.797s]                  from [01m[K/home/g209/ros2_ws/src/game/src/board_controller.cpp:1[m[K:
[2.797s] [01m[K/opt/ros/humble/include/rclcpp/rclcpp/logger.hpp:106:17:[m[K [01;36m[Knote: [m[Kâ€˜[01m[Krclcpp::get_logger[m[Kâ€™ declared here
[2.798s]   106 |   friend Logger [01;36m[Krclcpp[m[K::get_logger(const std::string & name);
[2.798s]       |                 [01;36m[K^~~~~~[m[K
[2.798s] In file included from [01m[K/opt/ros/humble/include/rclcpp/rclcpp/client.hpp:40[m[K,
[2.798s]                  from [01m[K/opt/ros/humble/include/rclcpp/rclcpp/callback_group.hpp:24[m[K,
[2.798s]                  from [01m[K/opt/ros/humble/include/rclcpp/rclcpp/any_executable.hpp:20[m[K,
[2.799s]                  from [01m[K/opt/ros/humble/include/rclcpp/rclcpp/memory_strategy.hpp:25[m[K,
[2.799s]                  from [01m[K/opt/ros/humble/include/rclcpp/rclcpp/memory_strategies.hpp:18[m[K,
[2.799s]                  from [01m[K/opt/ros/humble/include/rclcpp/rclcpp/executor_options.hpp:20[m[K,
[2.799s]                  from [01m[K/opt/ros/humble/include/rclcpp/rclcpp/executor.hpp:37[m[K,
[2.799s]                  from [01m[K/opt/ros/humble/include/rclcpp/rclcpp/executors/multi_threaded_executor.hpp:25[m[K,
[2.800s]                  from [01m[K/opt/ros/humble/include/rclcpp/rclcpp/executors.hpp:21[m[K,
[2.800s]                  from [01m[K/opt/ros/humble/include/rclcpp/rclcpp/rclcpp.hpp:155[m[K,
[2.800s]                  from [01m[K/home/g209/ros2_ws/src/game/src/board_controller.hpp:4[m[K,
[2.803s]                  from [01m[K/home/g209/ros2_ws/src/game/src/board_controller.cpp:1[m[K:
[2.803s] [01m[K/home/g209/ros2_ws/src/game/src/board_controller.cpp:59:17:[m[K [01;31m[Kerror: [m[Ktemplate argument 1 is invalid
[2.803s]    59 |                 [01;31m[KRCLCPP_INFO[m[K(get_logger(), "You landed on a ladder. Do you wish to take it? (y/n) %d");
[2.803s]       |                 [01;31m[K^~~~~~~~~~~[m[K
[2.803s] [01m[K/home/g209/ros2_ws/src/game/src/board_controller.cpp:59:17:[m[K [01;31m[Kerror: [m[Kâ€˜[01m[K<declaration error>[m[Kâ€™ is not a template [[01;31m[K]8;;https://gcc.gnu.org/onlinedocs/gcc/Warning-Options.html#index-fpermissive-fpermissive]8;;[m[K]
[2.803s]    59 |                 [01;31m[KRCLCPP_INFO[m[K(get_logger(), "You landed on a ladder. Do you wish to take it? (y/n) %d");
[2.803s]       |                 [01;31m[K^~~~~~~~~~~[m[K
[2.803s] [01m[K/home/g209/ros2_ws/src/game/src/board_controller.cpp:59:17:[m[K [01;31m[Kerror: [m[Ktemplate argument 1 is invalid
[2.811s]    59 |                 [01;31m[KRCLCPP_INFO[m[K(get_logger(), "You landed on a ladder. Do you wish to take it? (y/n) %d");
[2.811s]       |                 [01;31m[K^~~~~~~~~~~[m[K
[2.811s] [01m[K/home/g209/ros2_ws/src/game/src/board_controller.cpp:59:17:[m[K [01;31m[Kerror: [m[Kâ€˜[01m[K<declaration error>[m[Kâ€™ is not a template [[01;31m[K]8;;https://gcc.gnu.org/onlinedocs/gcc/Warning-Options.html#index-fpermissive-fpermissive]8;;[m[K]
[2.811s]    59 |                 [01;31m[KRCLCPP_INFO[m[K(get_logger(), "You landed on a ladder. Do you wish to take it? (y/n) %d");
[2.811s]       |                 [01;31m[K^~~~~~~~~~~[m[K
[2.811s] [01m[K/home/g209/ros2_ws/src/game/src/board_controller.cpp:59:17:[m[K [01;31m[Kerror: [m[Ktemplate argument 1 is invalid
[2.811s]    59 |                 [01;31m[KRCLCPP_INFO[m[K(get_logger(), "You landed on a ladder. Do you wish to take it? (y/n) %d");
[2.812s]       |                 [01;31m[K^~~~~~~~~~~[m[K
[2.814s] [01m[K/home/g209/ros2_ws/src/game/src/board_controller.cpp:66:33:[m[K [01;31m[Kerror: [m[Kinvalid use of â€˜[01m[Kthis[m[Kâ€™ in non-member function
[2.820s]    66 |                     RCLCPP_INFO([01;31m[Kthis[m[K->get_logger(), "Climbed a ladder! You're now at position %d", newPosition);
[2.820s]       |                                 [01;31m[K^~~~[m[K
[2.821s] [01m[K/home/g209/ros2_ws/src/game/src/board_controller.cpp:66:33:[m[K [01;31m[Kerror: [m[Kinvalid use of â€˜[01m[Kthis[m[Kâ€™ in non-member function
[2.821s] [01m[K/home/g209/ros2_ws/src/game/src/board_controller.cpp:66:21:[m[K [01;31m[Kerror: [m[Ktemplate argument 1 is invalid
[2.821s]    66 |                     [01;31m[KRCLCPP_INFO[m[K(this->get_logger(), "Climbed a ladder! You're now at position %d", newPosition);
[2.821s]       |                     [01;31m[K^~~~~~~~~~~[m[K
[2.821s] [01m[K/home/g209/ros2_ws/src/game/src/board_controller.cpp:66:21:[m[K [01;31m[Kerror: [m[Kâ€˜[01m[K<declaration error>[m[Kâ€™ is not a template [[01;31m[K]8;;https://gcc.gnu.org/onlinedocs/gcc/Warning-Options.html#index-fpermissive-fpermissive]8;;[m[K]
[2.821s]    66 |                     [01;31m[KRCLCPP_INFO[m[K(this->get_logger(), "Climbed a ladder! You're now at position %d", newPosition);
[2.821s]       |                     [01;31m[K^~~~~~~~~~~[m[K
[2.821s] [01m[K/home/g209/ros2_ws/src/game/src/board_controller.cpp:66:21:[m[K [01;31m[Kerror: [m[Ktemplate argument 1 is invalid
[2.821s]    66 |                     [01;31m[KRCLCPP_INFO[m[K(this->get_logger(), "Climbed a ladder! You're now at position %d", newPosition);
[2.821s]       |                     [01;31m[K^~~~~~~~~~~[m[K
[2.821s] [01m[K/home/g209/ros2_ws/src/game/src/board_controller.cpp:66:21:[m[K [01;31m[Kerror: [m[Kâ€˜[01m[K<declaration error>[m[Kâ€™ is not a template [[01;31m[K]8;;https://gcc.gnu.org/onlinedocs/gcc/Warning-Options.html#index-fpermissive-fpermissive]8;;[m[K]
[2.822s]    66 |                     [01;31m[KRCLCPP_INFO[m[K(this->get_logger(), "Climbed a ladder! You're now at position %d", newPosition);
[2.822s]       |                     [01;31m[K^~~~~~~~~~~[m[K
[2.822s] [01m[K/home/g209/ros2_ws/src/game/src/board_controller.cpp:66:21:[m[K [01;31m[Kerror: [m[Ktemplate argument 1 is invalid
[2.823s]    66 |                     [01;31m[KRCLCPP_INFO[m[K(this->get_logger(), "Climbed a ladder! You're now at position %d", newPosition);
[2.823s]       |                     [01;31m[K^~~~~~~~~~~[m[K
[2.823s] In file included from [01m[K/opt/ros/humble/include/rclcpp/rclcpp/logging.hpp:24[m[K,
[2.823s]                  from [01m[K/opt/ros/humble/include/rclcpp/rclcpp/client.hpp:40[m[K,
[2.823s]                  from [01m[K/opt/ros/humble/include/rclcpp/rclcpp/callback_group.hpp:24[m[K,
[2.823s]                  from [01m[K/opt/ros/humble/include/rclcpp/rclcpp/any_executable.hpp:20[m[K,
[2.823s]                  from [01m[K/opt/ros/humble/include/rclcpp/rclcpp/memory_strategy.hpp:25[m[K,
[2.823s]                  from [01m[K/opt/ros/humble/include/rclcpp/rclcpp/memory_strategies.hpp:18[m[K,
[2.823s]                  from [01m[K/opt/ros/humble/include/rclcpp/rclcpp/executor_options.hpp:20[m[K,
[2.823s]                  from [01m[K/opt/ros/humble/include/rclcpp/rclcpp/executor.hpp:37[m[K,
[2.823s]                  from [01m[K/opt/ros/humble/include/rclcpp/rclcpp/executors/multi_threaded_executor.hpp:25[m[K,
[2.823s]                  from [01m[K/opt/ros/humble/include/rclcpp/rclcpp/executors.hpp:21[m[K,
[2.823s]                  from [01m[K/opt/ros/humble/include/rclcpp/rclcpp/rclcpp.hpp:155[m[K,
[2.824s]                  from [01m[K/home/g209/ros2_ws/src/game/src/board_controller.hpp:4[m[K,
[2.824s]                  from [01m[K/home/g209/ros2_ws/src/game/src/board_controller.cpp:1[m[K:
[2.824s] [01m[K/home/g209/ros2_ws/src/game/src/board_controller.cpp:66:33:[m[K [01;31m[Kerror: [m[Kinvalid use of â€˜[01m[Kthis[m[Kâ€™ in non-member function
[2.824s]    66 |                     RCLCPP_INFO([01;31m[Kthis[m[K->get_logger(), "Climbed a ladder! You're now at position %d", newPosition);
[2.824s]       |                                 [01;31m[K^~~~[m[K
[2.824s] [01m[K/home/g209/ros2_ws/src/game/src/board_controller.cpp:66:33:[m[K [01;31m[Kerror: [m[Kinvalid use of â€˜[01m[Kthis[m[Kâ€™ in non-member function
[2.824s]    66 |                     RCLCPP_INFO([01;31m[Kthis[m[K->get_logger(), "Climbed a ladder! You're now at position %d", newPosition);
[2.824s]       |                                 [01;31m[K^~~~[m[K
[2.824s] In file included from [01m[K/opt/ros/humble/include/rclcpp/rclcpp/client.hpp:40[m[K,
[2.824s]                  from [01m[K/opt/ros/humble/include/rclcpp/rclcpp/callback_group.hpp:24[m[K,
[2.824s]                  from [01m[K/opt/ros/humble/include/rclcpp/rclcpp/any_executable.hpp:20[m[K,
[2.824s]                  from [01m[K/opt/ros/humble/include/rclcpp/rclcpp/memory_strategy.hpp:25[m[K,
[2.825s]                  from [01m[K/opt/ros/humble/include/rclcpp/rclcpp/memory_strategies.hpp:18[m[K,
[2.825s]                  from [01m[K/opt/ros/humble/include/rclcpp/rclcpp/executor_options.hpp:20[m[K,
[2.825s]                  from [01m[K/opt/ros/humble/include/rclcpp/rclcpp/executor.hpp:37[m[K,
[2.825s]                  from [01m[K/opt/ros/humble/include/rclcpp/rclcpp/executors/multi_threaded_executor.hpp:25[m[K,
[2.825s]                  from [01m[K/opt/ros/humble/include/rclcpp/rclcpp/executors.hpp:21[m[K,
[2.825s]                  from [01m[K/opt/ros/humble/include/rclcpp/rclcpp/rclcpp.hpp:155[m[K,
[2.825s]                  from [01m[K/home/g209/ros2_ws/src/game/src/board_controller.hpp:4[m[K,
[2.825s]                  from [01m[K/home/g209/ros2_ws/src/game/src/board_controller.cpp:1[m[K:
[2.825s] [01m[K/home/g209/ros2_ws/src/game/src/board_controller.cpp:72:33:[m[K [01;31m[Kerror: [m[Kinvalid use of â€˜[01m[Kthis[m[Kâ€™ in non-member function
[2.825s]    72 |                     RCLCPP_INFO([01;31m[Kthis[m[K->get_logger(), "You rolled the dice again! You're now at position %d", newPosition);
[2.825s]       |                                 [01;31m[K^~~~[m[K
[2.825s] [01m[K/home/g209/ros2_ws/src/game/src/board_controller.cpp:72:33:[m[K [01;31m[Kerror: [m[Kinvalid use of â€˜[01m[Kthis[m[Kâ€™ in non-member function
[2.825s] [01m[K/home/g209/ros2_ws/src/game/src/board_controller.cpp:72:21:[m[K [01;31m[Kerror: [m[Ktemplate argument 1 is invalid
[2.825s]    72 |                     [01;31m[KRCLCPP_INFO[m[K(this->get_logger(), "You rolled the dice again! You're now at position %d", newPosition);
[2.825s]       |                     [01;31m[K^~~~~~~~~~~[m[K
[2.825s] [01m[K/home/g209/ros2_ws/src/game/src/board_controller.cpp:72:21:[m[K [01;31m[Kerror: [m[Kâ€˜[01m[K<declaration error>[m[Kâ€™ is not a template [[01;31m[K]8;;https://gcc.gnu.org/onlinedocs/gcc/Warning-Options.html#index-fpermissive-fpermissive]8;;[m[K]
[2.826s]    72 |                     [01;31m[KRCLCPP_INFO[m[K(this->get_logger(), "You rolled the dice again! You're now at position %d", newPosition);
[2.826s]       |                     [01;31m[K^~~~~~~~~~~[m[K
[2.826s] [01m[K/home/g209/ros2_ws/src/game/src/board_controller.cpp:72:21:[m[K [01;31m[Kerror: [m[Ktemplate argument 1 is invalid
[2.826s]    72 |                     [01;31m[KRCLCPP_INFO[m[K(this->get_logger(), "You rolled the dice again! You're now at position %d", newPosition);
[2.826s]       |                     [01;31m[K^~~~~~~~~~~[m[K
[2.826s] [01m[K/home/g209/ros2_ws/src/game/src/board_controller.cpp:72:21:[m[K [01;31m[Kerror: [m[Kâ€˜[01m[K<declaration error>[m[Kâ€™ is not a template [[01;31m[K]8;;https://gcc.gnu.org/onlinedocs/gcc/Warning-Options.html#index-fpermissive-fpermissive]8;;[m[K]
[2.826s]    72 |                     [01;31m[KRCLCPP_INFO[m[K(this->get_logger(), "You rolled the dice again! You're now at position %d", newPosition);
[2.826s]       |                     [01;31m[K^~~~~~~~~~~[m[K
[2.826s] [01m[K/home/g209/ros2_ws/src/game/src/board_controller.cpp:72:21:[m[K [01;31m[Kerror: [m[Ktemplate argument 1 is invalid
[2.826s]    72 |                     [01;31m[KRCLCPP_INFO[m[K(this->get_logger(), "You rolled the dice again! You're now at position %d", newPosition);
[2.826s]       |                     [01;31m[K^~~~~~~~~~~[m[K
[2.826s] In file included from [01m[K/opt/ros/humble/include/rclcpp/rclcpp/logging.hpp:24[m[K,
[2.826s]                  from [01m[K/opt/ros/humble/include/rclcpp/rclcpp/client.hpp:40[m[K,
[2.827s]                  from [01m[K/opt/ros/humble/include/rclcpp/rclcpp/callback_group.hpp:24[m[K,
[2.827s]                  from [01m[K/opt/ros/humble/include/rclcpp/rclcpp/any_executable.hpp:20[m[K,
[2.827s]                  from [01m[K/opt/ros/humble/include/rclcpp/rclcpp/memory_strategy.hpp:25[m[K,
[2.827s]                  from [01m[K/opt/ros/humble/include/rclcpp/rclcpp/memory_strategies.hpp:18[m[K,
[2.827s]                  from [01m[K/opt/ros/humble/include/rclcpp/rclcpp/executor_options.hpp:20[m[K,
[2.827s]                  from [01m[K/opt/ros/humble/include/rclcpp/rclcpp/executor.hpp:37[m[K,
[2.827s]                  from [01m[K/opt/ros/humble/include/rclcpp/rclcpp/executors/multi_threaded_executor.hpp:25[m[K,
[2.827s]                  from [01m[K/opt/ros/humble/include/rclcpp/rclcpp/executors.hpp:21[m[K,
[2.827s]                  from [01m[K/opt/ros/humble/include/rclcpp/rclcpp/rclcpp.hpp:155[m[K,
[2.827s]                  from [01m[K/home/g209/ros2_ws/src/game/src/board_controller.hpp:4[m[K,
[2.827s]                  from [01m[K/home/g209/ros2_ws/src/game/src/board_controller.cpp:1[m[K:
[2.827s] [01m[K/home/g209/ros2_ws/src/game/src/board_controller.cpp:72:33:[m[K [01;31m[Kerror: [m[Kinvalid use of â€˜[01m[Kthis[m[Kâ€™ in non-member function
[2.827s]    72 |                     RCLCPP_INFO([01;31m[Kthis[m[K->get_logger(), "You rolled the dice again! You're now at position %d", newPosition);
[2.827s]       |                                 [01;31m[K^~~~[m[K
[2.827s] [01m[K/home/g209/ros2_ws/src/game/src/board_controller.cpp:72:33:[m[K [01;31m[Kerror: [m[Kinvalid use of â€˜[01m[Kthis[m[Kâ€™ in non-member function
[2.828s]    72 |                     RCLCPP_INFO([01;31m[Kthis[m[K->get_logger(), "You rolled the dice again! You're now at position %d", newPosition);
[2.828s]       |                                 [01;31m[K^~~~[m[K
[2.828s] In file included from [01m[K/opt/ros/humble/include/rclcpp/rclcpp/client.hpp:40[m[K,
[2.828s]                  from [01m[K/opt/ros/humble/include/rclcpp/rclcpp/callback_group.hpp:24[m[K,
[2.828s]                  from [01m[K/opt/ros/humble/include/rclcpp/rclcpp/any_executable.hpp:20[m[K,
[2.828s]                  from [01m[K/opt/ros/humble/include/rclcpp/rclcpp/memory_strategy.hpp:25[m[K,
[2.828s]                  from [01m[K/opt/ros/humble/include/rclcpp/rclcpp/memory_strategies.hpp:18[m[K,
[2.829s]                  from [01m[K/opt/ros/humble/include/rclcpp/rclcpp/executor_options.hpp:20[m[K,
[2.829s]                  from [01m[K/opt/ros/humble/include/rclcpp/rclcpp/executor.hpp:37[m[K,
[2.829s]                  from [01m[K/opt/ros/humble/include/rclcpp/rclcpp/executors/multi_threaded_executor.hpp:25[m[K,
[2.829s]                  from [01m[K/opt/ros/humble/include/rclcpp/rclcpp/executors.hpp:21[m[K,
[2.829s]                  from [01m[K/opt/ros/humble/include/rclcpp/rclcpp/rclcpp.hpp:155[m[K,
[2.829s]                  from [01m[K/home/g209/ros2_ws/src/game/src/board_controller.hpp:4[m[K,
[2.829s]                  from [01m[K/home/g209/ros2_ws/src/game/src/board_controller.cpp:1[m[K:
[2.829s] [01m[K/home/g209/ros2_ws/src/game/src/board_controller.cpp:79:29:[m[K [01;31m[Kerror: [m[Kinvalid use of â€˜[01m[Kthis[m[Kâ€™ in non-member function
[2.829s]    79 |                 RCLCPP_INFO([01;31m[Kthis[m[K->get_logger(), "Oops, a snake! You're now at position %d", newPosition);
[2.829s]       |                             [01;31m[K^~~~[m[K
[2.829s] [01m[K/home/g209/ros2_ws/src/game/src/board_controller.cpp:79:29:[m[K [01;31m[Kerror: [m[Kinvalid use of â€˜[01m[Kthis[m[Kâ€™ in non-member function
[2.829s] [01m[K/home/g209/ros2_ws/src/game/src/board_controller.cpp:79:17:[m[K [01;31m[Kerror: [m[Ktemplate argument 1 is invalid
[2.829s]    79 |                 [01;31m[KRCLCPP_INFO[m[K(this->get_logger(), "Oops, a snake! You're now at position %d", newPosition);
[2.829s]       |                 [01;31m[K^~~~~~~~~~~[m[K
[2.829s] [01m[K/home/g209/ros2_ws/src/game/src/board_controller.cpp:79:17:[m[K [01;31m[Kerror: [m[Kâ€˜[01m[K<declaration error>[m[Kâ€™ is not a template [[01;31m[K]8;;https://gcc.gnu.org/onlinedocs/gcc/Warning-Options.html#index-fpermissive-fpermissive]8;;[m[K]
[2.829s]    79 |                 [01;31m[KRCLCPP_INFO[m[K(this->get_logger(), "Oops, a snake! You're now at position %d", newPosition);
[2.829s]       |                 [01;31m[K^~~~~~~~~~~[m[K
[2.829s] [01m[K/home/g209/ros2_ws/src/game/src/board_controller.cpp:79:17:[m[K [01;31m[Kerror: [m[Ktemplate argument 1 is invalid
[2.829s]    79 |                 [01;31m[KRCLCPP_INFO[m[K(this->get_logger(), "Oops, a snake! You're now at position %d", newPosition);
[2.829s]       |                 [01;31m[K^~~~~~~~~~~[m[K
[2.834s] [01m[K/home/g209/ros2_ws/src/game/src/board_controller.cpp:79:17:[m[K [01;31m[Kerror: [m[Kâ€˜[01m[K<declaration error>[m[Kâ€™ is not a template [[01;31m[K]8;;https://gcc.gnu.org/onlinedocs/gcc/Warning-Options.html#index-fpermissive-fpermissive]8;;[m[K]
[2.834s]    79 |                 [01;31m[KRCLCPP_INFO[m[K(this->get_logger(), "Oops, a snake! You're now at position %d", newPosition);
[2.834s]       |                 [01;31m[K^~~~~~~~~~~[m[K
[2.834s] [01m[K/home/g209/ros2_ws/src/game/src/board_controller.cpp:79:17:[m[K [01;31m[Kerror: [m[Ktemplate argument 1 is invalid
[2.834s]    79 |                 [01;31m[KRCLCPP_INFO[m[K(this->get_logger(), "Oops, a snake! You're now at position %d", newPosition);
[2.834s]       |                 [01;31m[K^~~~~~~~~~~[m[K
[2.835s] In file included from [01m[K/opt/ros/humble/include/rclcpp/rclcpp/logging.hpp:24[m[K,
[2.835s]                  from [01m[K/opt/ros/humble/include/rclcpp/rclcpp/client.hpp:40[m[K,
[2.835s]                  from [01m[K/opt/ros/humble/include/rclcpp/rclcpp/callback_group.hpp:24[m[K,
[2.835s]                  from [01m[K/opt/ros/humble/include/rclcpp/rclcpp/any_executable.hpp:20[m[K,
[2.835s]                  from [01m[K/opt/ros/humble/include/rclcpp/rclcpp/memory_strategy.hpp:25[m[K,
[2.835s]                  from [01m[K/opt/ros/humble/include/rclcpp/rclcpp/memory_strategies.hpp:18[m[K,
[2.835s]                  from [01m[K/opt/ros/humble/include/rclcpp/rclcpp/executor_options.hpp:20[m[K,
[2.835s]                  from [01m[K/opt/ros/humble/include/rclcpp/rclcpp/executor.hpp:37[m[K,
[2.835s]                  from [01m[K/opt/ros/humble/include/rclcpp/rclcpp/executors/multi_threaded_executor.hpp:25[m[K,
[2.835s]                  from [01m[K/opt/ros/humble/include/rclcpp/rclcpp/executors.hpp:21[m[K,
[2.835s]                  from [01m[K/opt/ros/humble/include/rclcpp/rclcpp/rclcpp.hpp:155[m[K,
[2.835s]                  from [01m[K/home/g209/ros2_ws/src/game/src/board_controller.hpp:4[m[K,
[2.835s]                  from [01m[K/home/g209/ros2_ws/src/game/src/board_controller.cpp:1[m[K:
[2.835s] [01m[K/home/g209/ros2_ws/src/game/src/board_controller.cpp:79:29:[m[K [01;31m[Kerror: [m[Kinvalid use of â€˜[01m[Kthis[m[Kâ€™ in non-member function
[2.835s]    79 |                 RCLCPP_INFO([01;31m[Kthis[m[K->get_logger(), "Oops, a snake! You're now at position %d", newPosition);
[2.835s]       |                             [01;31m[K^~~~[m[K
[2.835s] [01m[K/home/g209/ros2_ws/src/game/src/board_controller.cpp:79:29:[m[K [01;31m[Kerror: [m[Kinvalid use of â€˜[01m[Kthis[m[Kâ€™ in non-member function
[2.835s]    79 |                 RCLCPP_INFO([01;31m[Kthis[m[K->get_logger(), "Oops, a snake! You're now at position %d", newPosition);
[2.835s]       |                             [01;31m[K^~~~[m[K
[2.835s] In file included from [01m[K/opt/ros/humble/include/rclcpp/rclcpp/client.hpp:40[m[K,
[2.835s]                  from [01m[K/opt/ros/humble/include/rclcpp/rclcpp/callback_group.hpp:24[m[K,
[2.835s]                  from [01m[K/opt/ros/humble/include/rclcpp/rclcpp/any_executable.hpp:20[m[K,
[2.835s]                  from [01m[K/opt/ros/humble/include/rclcpp/rclcpp/memory_strategy.hpp:25[m[K,
[2.835s]                  from [01m[K/opt/ros/humble/include/rclcpp/rclcpp/memory_strategies.hpp:18[m[K,
[2.835s]                  from [01m[K/opt/ros/humble/include/rclcpp/rclcpp/executor_options.hpp:20[m[K,
[2.835s]                  from [01m[K/opt/ros/humble/include/rclcpp/rclcpp/executor.hpp:37[m[K,
[2.835s]                  from [01m[K/opt/ros/humble/include/rclcpp/rclcpp/executors/multi_threaded_executor.hpp:25[m[K,
[2.835s]                  from [01m[K/opt/ros/humble/include/rclcpp/rclcpp/executors.hpp:21[m[K,
[2.835s]                  from [01m[K/opt/ros/humble/include/rclcpp/rclcpp/rclcpp.hpp:155[m[K,
[2.835s]                  from [01m[K/home/g209/ros2_ws/src/game/src/board_controller.hpp:4[m[K,
[2.835s]                  from [01m[K/home/g209/ros2_ws/src/game/src/board_controller.cpp:1[m[K:
[2.835s] [01m[K/home/g209/ros2_ws/src/game/src/board_controller.cpp:84:29:[m[K [01;31m[Kerror: [m[Kinvalid use of â€˜[01m[Kthis[m[Kâ€™ in non-member function
[2.836s]    84 |                 RCLCPP_INFO([01;31m[Kthis[m[K->get_logger(), "Normal square! You're now at position %d", newPosition);
[2.836s]       |                             [01;31m[K^~~~[m[K
[2.836s] [01m[K/home/g209/ros2_ws/src/game/src/board_controller.cpp:84:29:[m[K [01;31m[Kerror: [m[Kinvalid use of â€˜[01m[Kthis[m[Kâ€™ in non-member function
[2.836s] [01m[K/home/g209/ros2_ws/src/game/src/board_controller.cpp:84:17:[m[K [01;31m[Kerror: [m[Ktemplate argument 1 is invalid
[2.836s]    84 |                 [01;31m[KRCLCPP_INFO[m[K(this->get_logger(), "Normal square! You're now at position %d", newPosition);
[2.836s]       |                 [01;31m[K^~~~~~~~~~~[m[K
[2.836s] [01m[K/home/g209/ros2_ws/src/game/src/board_controller.cpp:84:17:[m[K [01;31m[Kerror: [m[Kâ€˜[01m[K<declaration error>[m[Kâ€™ is not a template [[01;31m[K]8;;https://gcc.gnu.org/onlinedocs/gcc/Warning-Options.html#index-fpermissive-fpermissive]8;;[m[K]
[2.836s]    84 |                 [01;31m[KRCLCPP_INFO[m[K(this->get_logger(), "Normal square! You're now at position %d", newPosition);
[2.836s]       |                 [01;31m[K^~~~~~~~~~~[m[K
[2.836s] [01m[K/home/g209/ros2_ws/src/game/src/board_controller.cpp:84:17:[m[K [01;31m[Kerror: [m[Ktemplate argument 1 is invalid
[2.836s]    84 |                 [01;31m[KRCLCPP_INFO[m[K(this->get_logger(), "Normal square! You're now at position %d", newPosition);
[2.836s]       |                 [01;31m[K^~~~~~~~~~~[m[K
[2.836s] [01m[K/home/g209/ros2_ws/src/game/src/board_controller.cpp:84:17:[m[K [01;31m[Kerror: [m[Kâ€˜[01m[K<declaration error>[m[Kâ€™ is not a template [[01;31m[K]8;;https://gcc.gnu.org/onlinedocs/gcc/Warning-Options.html#index-fpermissive-fpermissive]8;;[m[K]
[2.836s]    84 |                 [01;31m[KRCLCPP_INFO[m[K(this->get_logger(), "Normal square! You're now at position %d", newPosition);
[2.836s]       |                 [01;31m[K^~~~~~~~~~~[m[K
[2.836s] [01m[K/home/g209/ros2_ws/src/game/src/board_controller.cpp:84:17:[m[K [01;31m[Kerror: [m[Ktemplate argument 1 is invalid
[2.836s]    84 |                 [01;31m[KRCLCPP_INFO[m[K(this->get_logger(), "Normal square! You're now at position %d", newPosition);
[2.836s]       |                 [01;31m[K^~~~~~~~~~~[m[K
[2.836s] In file included from [01m[K/opt/ros/humble/include/rclcpp/rclcpp/logging.hpp:24[m[K,
[2.836s]                  from [01m[K/opt/ros/humble/include/rclcpp/rclcpp/client.hpp:40[m[K,
[2.836s]                  from [01m[K/opt/ros/humble/include/rclcpp/rclcpp/callback_group.hpp:24[m[K,
[2.836s]                  from [01m[K/opt/ros/humble/include/rclcpp/rclcpp/any_executable.hpp:20[m[K,
[2.836s]                  from [01m[K/opt/ros/humble/include/rclcpp/rclcpp/memory_strategy.hpp:25[m[K,
[2.836s]                  from [01m[K/opt/ros/humble/include/rclcpp/rclcpp/memory_strategies.hpp:18[m[K,
[2.836s]                  from [01m[K/opt/ros/humble/include/rclcpp/rclcpp/executor_options.hpp:20[m[K,
[2.836s]                  from [01m[K/opt/ros/humble/include/rclcpp/rclcpp/executor.hpp:37[m[K,
[2.836s]                  from [01m[K/opt/ros/humble/include/rclcpp/rclcpp/executors/multi_threaded_executor.hpp:25[m[K,
[2.836s]                  from [01m[K/opt/ros/humble/include/rclcpp/rclcpp/executors.hpp:21[m[K,
[2.836s]                  from [01m[K/opt/ros/humble/include/rclcpp/rclcpp/rclcpp.hpp:155[m[K,
[2.836s]                  from [01m[K/home/g209/ros2_ws/src/game/src/board_controller.hpp:4[m[K,
[2.836s]                  from [01m[K/home/g209/ros2_ws/src/game/src/board_controller.cpp:1[m[K:
[2.836s] [01m[K/home/g209/ros2_ws/src/game/src/board_controller.cpp:84:29:[m[K [01;31m[Kerror: [m[Kinvalid use of â€˜[01m[Kthis[m[Kâ€™ in non-member function
[2.836s]    84 |                 RCLCPP_INFO([01;31m[Kthis[m[K->get_logger(), "Normal square! You're now at position %d", newPosition);
[2.836s]       |                             [01;31m[K^~~~[m[K
[2.836s] [01m[K/home/g209/ros2_ws/src/game/src/board_controller.cpp:84:29:[m[K [01;31m[Kerror: [m[Kinvalid use of â€˜[01m[Kthis[m[Kâ€™ in non-member function
[2.836s]    84 |                 RCLCPP_INFO([01;31m[Kthis[m[K->get_logger(), "Normal square! You're now at position %d", newPosition);
[2.836s]       |                             [01;31m[K^~~~[m[K
[2.856s] [ 93%] [32mBuilding C object CMakeFiles/game__rosidl_typesupport_c__pyext.dir/rosidl_generator_py/game/_game_s.ep.rosidl_typesupport_c.c.o[0m
[2.960s] [ 96%] [32m[1mLinking C shared library rosidl_generator_py/game/game_s__rosidl_typesupport_c.cpython-310-x86_64-linux-gnu.so[0m
[3.026s] [ 96%] Built target game__rosidl_typesupport_c__pyext
[4.732s] gmake[2]: *** [CMakeFiles/snakes_and_ladders_game.dir/build.make:76: CMakeFiles/snakes_and_ladders_game.dir/src/board_controller.cpp.o] Fehler 1
[4.732s] gmake[1]: *** [CMakeFiles/Makefile2:592: CMakeFiles/snakes_and_ladders_game.dir/all] Fehler 2
[4.735s] gmake: *** [Makefile:146: all] Fehler 2
[4.755s] Invoked command in '/home/g209/ros2_ws/build/game' returned '2': AMENT_PREFIX_PATH=/home/g209/ros2_ws/install/custom_msgs:${AMENT_PREFIX_PATH} CMAKE_PREFIX_PATH=/home/g209/ros2_ws/install/custom_msgs:/opt/ros/humble LD_LIBRARY_PATH=/home/g209/ros2_ws/install/custom_msgs/lib:${LD_LIBRARY_PATH} PYTHONPATH=/home/g209/ros2_ws/install/custom_msgs/local/lib/python3.10/dist-packages:${PYTHONPATH} /usr/bin/cmake --build /home/g209/ros2_ws/build/game -- -j2 -l2
