[35m[1mConsolidate compiler generated dependencies of target game__rosidl_generator_c[0m
[  3%] Built target game__cpp
[ 12%] Built target game__rosidl_generator_c
[ 12%] Built target ament_cmake_python_copy_game
[35m[1mConsolidate compiler generated dependencies of target game__rosidl_typesupport_cpp[0m
[35m[1mConsolidate compiler generated dependencies of target game__rosidl_typesupport_fastrtps_cpp[0m
[ 21%] Built target game__rosidl_typesupport_cpp
[ 30%] Built target game__rosidl_typesupport_fastrtps_cpp
[35m[1mConsolidate compiler generated dependencies of target game__rosidl_typesupport_introspection_cpp[0m
[ 39%] Built target game__rosidl_typesupport_introspection_cpp
[35m[1mConsolidate compiler generated dependencies of target controller_publisher[0m
[ 42%] [32mBuilding CXX object CMakeFiles/controller_publisher.dir/src/controller_publisher.cpp.o[0m
running egg_info
writing game.egg-info/PKG-INFO
writing dependency_links to game.egg-info/dependency_links.txt
writing top-level names to game.egg-info/top_level.txt
reading manifest file 'game.egg-info/SOURCES.txt'
writing manifest file 'game.egg-info/SOURCES.txt'
[ 42%] Built target ament_cmake_python_build_game_egg
[35m[1mConsolidate compiler generated dependencies of target game__rosidl_typesupport_fastrtps_c[0m
[ 51%] Built target game__rosidl_typesupport_fastrtps_c
[ 54%] [34m[1mGenerating C introspection for ROS interfaces[0m
[35m[1mConsolidate compiler generated dependencies of target game__rosidl_typesupport_introspection_c[0m
[ 57%] [32mBuilding C object CMakeFiles/game__rosidl_typesupport_introspection_c.dir/rosidl_typesupport_introspection_c/game/msg/detail/game_state_msg__type_support.c.o[0m
[ 60%] [32m[1mLinking C shared library libgame__rosidl_typesupport_introspection_c.so[0m
[ 60%] Built target game__rosidl_typesupport_introspection_c
[ 63%] [34m[1mGenerating C type support dispatch for ROS interfaces[0m
[01m[K/home/g209/workspace/src/game/src/controller_publisher.cpp:[m[K In member function â€˜[01m[Kvoid ControllerPublisher::handlePlayerMove()[m[Kâ€™:
[01m[K/home/g209/workspace/src/game/src/controller_publisher.cpp:27:52:[m[K [01;31m[Kerror: [m[Kexpected initializer before â€˜[01m[Kroll[m[Kâ€™
   27 |                                         int second [01;31m[Kroll[m[K = rollDice();
      |                                                    [01;31m[K^~~~[m[K
[01m[K/home/g209/workspace/src/game/src/controller_publisher.cpp:28:58:[m[K [01;31m[Kerror: [m[Kâ€˜[01m[Ksecond_roll[m[Kâ€™ was not declared in this scope
   28 |                                         if (first_roll > [01;31m[Ksecond_roll[m[K) {
      |                                                          [01;31m[K^~~~~~~~~~~[m[K
[35m[1mConsolidate compiler generated dependencies of target game__rosidl_typesupport_c[0m
[ 66%] [32mBuilding CXX object CMakeFiles/game__rosidl_typesupport_c.dir/rosidl_typesupport_c/game/msg/game_state_msg__type_support.cpp.o[0m
[ 69%] [32m[1mLinking CXX shared library libgame__rosidl_typesupport_c.so[0m
[ 69%] Built target game__rosidl_typesupport_c
[ 69%] Built target game
[ 72%] [34m[1mGenerating Python code for ROS interfaces[0m
[ 72%] Built target game__py
gmake[2]: *** [CMakeFiles/controller_publisher.dir/build.make:76: CMakeFiles/controller_publisher.dir/src/controller_publisher.cpp.o] Fehler 1
gmake[1]: *** [CMakeFiles/Makefile2:593: CMakeFiles/controller_publisher.dir/all] Fehler 2
gmake[1]: *** Auf noch nicht beendete Prozesse wird gewartet â€¦
[35m[1mConsolidate compiler generated dependencies of target game__rosidl_generator_py[0m
[ 75%] [32mBuilding C object CMakeFiles/game__rosidl_generator_py.dir/rosidl_generator_py/game/msg/_game_state_msg_s.c.o[0m
[ 78%] [32m[1mLinking C shared library rosidl_generator_py/game/libgame__rosidl_generator_py.so[0m
[ 78%] Built target game__rosidl_generator_py
gmake: *** [Makefile:146: all] Fehler 2
