[0.066s] Invoking command in '/home/g209/workspace/build/game': CMAKE_PREFIX_PATH=${CMAKE_PREFIX_PATH}:/opt/ros/humble /usr/bin/cmake --build /home/g209/workspace/build/game -- -j2 -l2
[0.108s] -- Found ament_cmake: 1.3.5 (/opt/ros/humble/share/ament_cmake/cmake)
[0.294s] -- Found rosidl_default_generators: 1.2.0 (/opt/ros/humble/share/rosidl_default_generators/cmake)
[0.297s] -- Using all available rosidl_typesupport_c: rosidl_typesupport_fastrtps_c;rosidl_typesupport_introspection_c
[0.303s] -- Found rosidl_adapter: 3.1.5 (/opt/ros/humble/share/rosidl_adapter/cmake)
[0.356s] -- Using all available rosidl_typesupport_cpp: rosidl_typesupport_fastrtps_cpp;rosidl_typesupport_introspection_cpp
[0.397s] -- Found rclcpp: 16.0.6 (/opt/ros/humble/share/rclcpp/cmake)
[0.496s] -- Found rmw_implementation_cmake: 6.1.1 (/opt/ros/humble/share/rmw_implementation_cmake/cmake)
[0.501s] -- Found rmw_fastrtps_cpp: 6.2.4 (/opt/ros/humble/share/rmw_fastrtps_cpp/cmake)
[0.617s] -- Using RMW implementation 'rmw_fastrtps_cpp' as default
[0.994s] -- Found ament_cmake_ros: 0.10.0 (/opt/ros/humble/share/ament_cmake_ros/cmake)
[1.146s] -- Using all available rosidl_typesupport_c: rosidl_typesupport_fastrtps_c;rosidl_typesupport_introspection_c
[1.344s] -- Using all available rosidl_typesupport_cpp: rosidl_typesupport_fastrtps_cpp;rosidl_typesupport_introspection_cpp
[1.368s] -- Found python_cmake_module: 0.10.0 (/opt/ros/humble/share/python_cmake_module/cmake)
[1.391s] -- Using PYTHON_EXECUTABLE: /usr/bin/python3
[1.391s] -- Using PYTHON_INCLUDE_DIRS: /usr/include/python3.10
[1.391s] -- Using PYTHON_LIBRARIES: /usr/lib/x86_64-linux-gnu/libpython3.10.so
[1.402s] -- Found ament_lint_auto: 0.12.8 (/opt/ros/humble/share/ament_lint_auto/cmake)
[1.431s] -- Added test 'cppcheck' to perform static code analysis on C / C++ code
[1.431s] -- Configured cppcheck include dirs: 
[1.431s] -- Configured cppcheck exclude dirs and/or files: 
[1.433s] -- Added test 'lint_cmake' to check CMake code style
[1.434s] -- Added test 'uncrustify' to check C / C++ code style
[1.434s] -- Configured uncrustify additional arguments: 
[1.435s] -- Added test 'xmllint' to check XML markup files
[1.440s] -- Configuring done
[1.507s] -- Generating done
[1.515s] -- Build files have been written to: /home/g209/workspace/build/game
[1.544s] [35m[1mConsolidate compiler generated dependencies of target game__rosidl_generator_c[0m
[1.572s] [  3%] Built target game__cpp
[1.572s] [ 12%] Built target game__rosidl_generator_c
[1.590s] [35m[1mConsolidate compiler generated dependencies of target game__rosidl_typesupport_cpp[0m
[1.600s] [ 12%] Built target ament_cmake_python_copy_game
[1.605s] [ 21%] Built target game__rosidl_typesupport_cpp
[1.613s] [35m[1mConsolidate compiler generated dependencies of target game__rosidl_typesupport_fastrtps_c[0m
[1.616s] [35m[1mConsolidate compiler generated dependencies of target game__rosidl_typesupport_introspection_c[0m
[1.626s] [ 30%] Built target game__rosidl_typesupport_fastrtps_c
[1.629s] [ 39%] Built target game__rosidl_typesupport_introspection_c
[1.638s] [35m[1mConsolidate compiler generated dependencies of target game__rosidl_typesupport_c[0m
[1.642s] [35m[1mConsolidate compiler generated dependencies of target game__rosidl_typesupport_fastrtps_cpp[0m
[1.653s] [ 48%] Built target game__rosidl_typesupport_c
[1.665s] [35m[1mConsolidate compiler generated dependencies of target game__rosidl_typesupport_introspection_cpp[0m
[1.668s] [ 57%] Built target game__rosidl_typesupport_fastrtps_cpp
[1.682s] [ 66%] Built target game__rosidl_typesupport_introspection_cpp
[1.705s] [ 69%] [32mBuilding CXX object CMakeFiles/controller_publisher.dir/src/controller_publisher.cpp.o[0m
[1.919s] running egg_info
[1.919s] writing game.egg-info/PKG-INFO
[1.919s] writing dependency_links to game.egg-info/dependency_links.txt
[1.919s] writing top-level names to game.egg-info/top_level.txt
[1.919s] reading manifest file 'game.egg-info/SOURCES.txt'
[1.920s] writing manifest file 'game.egg-info/SOURCES.txt'
[1.965s] [ 69%] Built target ament_cmake_python_build_game_egg
[1.996s] [ 69%] Built target game
[2.022s] [ 72%] Built target game__py
[2.044s] [35m[1mConsolidate compiler generated dependencies of target game__rosidl_generator_py[0m
[2.063s] [ 78%] Built target game__rosidl_generator_py
[2.083s] [35m[1mConsolidate compiler generated dependencies of target game__rosidl_typesupport_fastrtps_c__pyext[0m
[2.120s] [ 84%] Built target game__rosidl_typesupport_fastrtps_c__pyext
[2.146s] [35m[1mConsolidate compiler generated dependencies of target game__rosidl_typesupport_introspection_c__pyext[0m
[2.174s] [01m[K/home/g209/workspace/src/game/src/controller_publisher.cpp:4:10:[m[K [01;31m[Kfatal error: [m[K../../game/include/game/game/msg/game_state_msg.hpp: Datei oder Verzeichnis nicht gefunden
[2.174s]     4 | #include [01;31m[K"../../game/include/game/game/msg/game_state_msg.hpp"[m[K
[2.174s]       |          [01;31m[K^~~~~~~~~~~~~~~~~~~~~~~~~~~~~~~~~~~~~~~~~~~~~~~~~~~~~[m[K
[2.175s] compilation terminated.
[2.179s] gmake[2]: *** [CMakeFiles/controller_publisher.dir/build.make:76: CMakeFiles/controller_publisher.dir/src/controller_publisher.cpp.o] Fehler 1
[2.181s] gmake[1]: *** [CMakeFiles/Makefile2:593: CMakeFiles/controller_publisher.dir/all] Fehler 2
[2.181s] gmake[1]: *** Auf noch nicht beendete Prozesse wird gewartet â€¦
[2.182s] [ 90%] Built target game__rosidl_typesupport_introspection_c__pyext
[2.184s] gmake: *** [Makefile:146: all] Fehler 2
[2.187s] Invoked command in '/home/g209/workspace/build/game' returned '2': CMAKE_PREFIX_PATH=${CMAKE_PREFIX_PATH}:/opt/ros/humble /usr/bin/cmake --build /home/g209/workspace/build/game -- -j2 -l2
