[0.068s] Invoking command in '/home/g209/workspace/src/game/build/game': CMAKE_PREFIX_PATH=${CMAKE_PREFIX_PATH}:/opt/ros/humble /usr/bin/cmake /home/g209/workspace/src/game -DCMAKE_INSTALL_PREFIX=/home/g209/workspace/src/game/install/game
[0.216s] -- The C compiler identification is GNU 11.4.0
[0.282s] -- The CXX compiler identification is GNU 11.4.0
[0.292s] -- Detecting C compiler ABI info
[0.383s] -- Detecting C compiler ABI info - done
[0.383s] -- Check for working C compiler: /usr/bin/cc - skipped
[0.384s] -- Detecting C compile features
[0.385s] -- Detecting C compile features - done
[0.388s] -- Detecting CXX compiler ABI info
[0.479s] -- Detecting CXX compiler ABI info - done
[0.484s] -- Check for working CXX compiler: /usr/bin/c++ - skipped
[0.484s] -- Detecting CXX compile features
[0.484s] -- Detecting CXX compile features - done
[0.488s] -- Found ament_cmake: 1.3.5 (/opt/ros/humble/share/ament_cmake/cmake)
[0.656s] -- Found Python3: /usr/bin/python3.10 (found version "3.10.12") found components: Interpreter 
[0.716s] -- Found rosidl_default_generators: 1.2.0 (/opt/ros/humble/share/rosidl_default_generators/cmake)
[0.718s] -- Using all available rosidl_typesupport_c: rosidl_typesupport_fastrtps_c;rosidl_typesupport_introspection_c
[0.722s] -- Found rosidl_adapter: 3.1.5 (/opt/ros/humble/share/rosidl_adapter/cmake)
[0.748s] -- Using all available rosidl_typesupport_cpp: rosidl_typesupport_fastrtps_cpp;rosidl_typesupport_introspection_cpp
[0.779s] -- Found rclcpp: 16.0.6 (/opt/ros/humble/share/rclcpp/cmake)
[0.832s] -- Found rmw_implementation_cmake: 6.1.1 (/opt/ros/humble/share/rmw_implementation_cmake/cmake)
[0.834s] -- Found rmw_fastrtps_cpp: 6.2.4 (/opt/ros/humble/share/rmw_fastrtps_cpp/cmake)
[0.928s] -- Found OpenSSL: /usr/lib/x86_64-linux-gnu/libcrypto.so (found version "3.0.2")  
[0.950s] -- Found FastRTPS: /opt/ros/humble/include  
[0.986s] -- Using RMW implementation 'rmw_fastrtps_cpp' as default
[1.014s] -- Looking for pthread.h
[1.088s] -- Looking for pthread.h - found
[1.089s] -- Performing Test CMAKE_HAVE_LIBC_PTHREAD
[1.161s] -- Performing Test CMAKE_HAVE_LIBC_PTHREAD - Success
[1.162s] -- Found Threads: TRUE  
[1.476s] -- Found ament_cmake_ros: 0.10.0 (/opt/ros/humble/share/ament_cmake_ros/cmake)
[1.638s] -- Using all available rosidl_typesupport_c: rosidl_typesupport_fastrtps_c;rosidl_typesupport_introspection_c
[1.831s] -- Using all available rosidl_typesupport_cpp: rosidl_typesupport_fastrtps_cpp;rosidl_typesupport_introspection_cpp
[1.848s] -- Found PythonInterp: /usr/bin/python3 (found suitable version "3.10.12", minimum required is "3.6") 
[1.850s] -- Found python_cmake_module: 0.10.0 (/opt/ros/humble/share/python_cmake_module/cmake)
[1.882s] -- Found PythonLibs: /usr/lib/x86_64-linux-gnu/libpython3.10.so (found suitable version "3.10.12", minimum required is "3.5") 
[1.882s] -- Using PYTHON_EXECUTABLE: /usr/bin/python3
[1.883s] -- Using PYTHON_INCLUDE_DIRS: /usr/include/python3.10
[1.883s] -- Using PYTHON_LIBRARIES: /usr/lib/x86_64-linux-gnu/libpython3.10.so
[1.899s] -- Found PythonExtra: .so  
[1.924s] -- Found ament_lint_auto: 0.12.8 (/opt/ros/humble/share/ament_lint_auto/cmake)
[1.936s] -- Added test 'cppcheck' to perform static code analysis on C / C++ code
[1.937s] -- Configured cppcheck include dirs: $<BUILD_INTERFACE:/home/g209/workspace/src/game/build/game/rosidl_generator_c>;$<BUILD_INTERFACE:/home/g209/workspace/src/game/build/game/rosidl_typesupport_fastrtps_c>;$<BUILD_INTERFACE:/home/g209/workspace/src/game/build/game/rosidl_typesupport_introspection_c>;$<BUILD_INTERFACE:/home/g209/workspace/src/game/build/game/rosidl_generator_cpp>;$<BUILD_INTERFACE:/home/g209/workspace/src/game/build/game/rosidl_typesupport_fastrtps_cpp>;$<BUILD_INTERFACE:/home/g209/workspace/src/game/build/game/rosidl_typesupport_introspection_cpp>;/home/g209/workspace/src/game/build/game/rosidl_generator_c;/home/g209/workspace/src/game/build/game/rosidl_generator_py
[1.937s] -- Configured cppcheck exclude dirs and/or files: 
[1.939s] -- Added test 'flake8' to check Python code syntax and style conventions
[1.940s] -- Added test 'lint_cmake' to check CMake code style
[1.942s] -- Added test 'pep257' to check Python code against some of the docstring style conventions in PEP 257
[1.945s] -- Added test 'uncrustify' to check C / C++ code style
[1.945s] -- Configured uncrustify additional arguments: 
[1.946s] -- Added test 'xmllint' to check XML markup files
[1.948s] -- Configuring done
[1.969s] -- Generating done
[1.979s] -- Build files have been written to: /home/g209/workspace/src/game/build/game
[1.981s] Invoked command in '/home/g209/workspace/src/game/build/game' returned '0': CMAKE_PREFIX_PATH=${CMAKE_PREFIX_PATH}:/opt/ros/humble /usr/bin/cmake /home/g209/workspace/src/game -DCMAKE_INSTALL_PREFIX=/home/g209/workspace/src/game/install/game
[1.982s] Invoking command in '/home/g209/workspace/src/game/build/game': CMAKE_PREFIX_PATH=${CMAKE_PREFIX_PATH}:/opt/ros/humble /usr/bin/cmake --build /home/g209/workspace/src/game/build/game -- -j2 -l2
[2.027s] [  3%] [34m[1mGenerating C code for ROS interfaces[0m
[2.042s] [  6%] [34m[1mGenerating C++ code for ROS interfaces[0m
[2.273s] [  9%] [32mBuilding C object CMakeFiles/game__rosidl_generator_c.dir/rosidl_generator_c/game/msg/detail/game_state_msg__functions.c.o[0m
[2.328s] [  9%] Built target game__cpp
[2.332s] [ 12%] [32m[1mLinking C shared library libgame__rosidl_generator_c.so[0m
[2.371s] [ 12%] Built target ament_cmake_python_copy_game
[2.374s] [ 12%] Built target game__rosidl_generator_c
[2.384s] [ 15%] [34m[1mGenerating C++ type support dispatch for ROS interfaces[0m
[2.388s] [ 18%] [34m[1mGenerating C++ type support for eProsima Fast-RTPS[0m
[2.584s] [ 21%] [32mBuilding CXX object CMakeFiles/game__rosidl_typesupport_fastrtps_cpp.dir/rosidl_typesupport_fastrtps_cpp/game/msg/detail/dds_fastrtps/game_state_msg__type_support.cpp.o[0m
[2.585s] [ 24%] [32mBuilding CXX object CMakeFiles/game__rosidl_typesupport_cpp.dir/rosidl_typesupport_cpp/game/msg/game_state_msg__type_support.cpp.o[0m
[2.762s] [ 27%] [32m[1mLinking CXX shared library libgame__rosidl_typesupport_cpp.so[0m
[2.859s] [ 27%] Built target game__rosidl_typesupport_cpp
[2.887s] [ 30%] [34m[1mGenerating C++ introspection for ROS interfaces[0m
[2.911s] [ 33%] [32m[1mLinking CXX shared library libgame__rosidl_typesupport_fastrtps_cpp.so[0m
[2.970s] [ 33%] Built target game__rosidl_typesupport_fastrtps_cpp
[3.078s] [ 36%] [32mBuilding CXX object CMakeFiles/game__rosidl_typesupport_introspection_cpp.dir/rosidl_typesupport_introspection_cpp/game/msg/detail/game_state_msg__type_support.cpp.o[0m
[3.152s] running egg_info
[3.153s] creating game.egg-info
[3.153s] writing game.egg-info/PKG-INFO
[3.153s] writing dependency_links to game.egg-info/dependency_links.txt
[3.154s] writing top-level names to game.egg-info/top_level.txt
[3.154s] writing manifest file 'game.egg-info/SOURCES.txt'
[3.155s] reading manifest file 'game.egg-info/SOURCES.txt'
[3.156s] writing manifest file 'game.egg-info/SOURCES.txt'
[3.181s] [ 36%] Built target ament_cmake_python_build_game_egg
[3.203s] [ 39%] [32mBuilding CXX object CMakeFiles/controller_publisher.dir/src/controller_publisher.cpp.o[0m
[3.360s] [01m[K/home/g209/workspace/src/game/src/controller_publisher.cpp:4:10:[m[K [01;31m[Kfatal error: [m[K../../game/include/game/msg/game_state_msg.hpp: Datei oder Verzeichnis nicht gefunden
[3.360s]     4 | #include [01;31m[K"../../game/include/game/msg/game_state_msg.hpp"[m[K
[3.360s]       |          [01;31m[K^~~~~~~~~~~~~~~~~~~~~~~~~~~~~~~~~~~~~~~~~~~~~~~~[m[K
[3.360s] compilation terminated.
[3.364s] gmake[2]: *** [CMakeFiles/controller_publisher.dir/build.make:76: CMakeFiles/controller_publisher.dir/src/controller_publisher.cpp.o] Fehler 1
[3.365s] gmake[1]: *** [CMakeFiles/Makefile2:593: CMakeFiles/controller_publisher.dir/all] Fehler 2
[3.365s] gmake[1]: *** Auf noch nicht beendete Prozesse wird gewartet â€¦
[3.389s] [ 42%] [32m[1mLinking CXX shared library libgame__rosidl_typesupport_introspection_cpp.so[0m
[3.459s] [ 42%] Built target game__rosidl_typesupport_introspection_cpp
[3.463s] gmake: *** [Makefile:146: all] Fehler 2
[3.466s] Invoked command in '/home/g209/workspace/src/game/build/game' returned '2': CMAKE_PREFIX_PATH=${CMAKE_PREFIX_PATH}:/opt/ros/humble /usr/bin/cmake --build /home/g209/workspace/src/game/build/game -- -j2 -l2
