[0.052s] Invoking command in '/home/g209/ros2_ws/src/game/build/game': CMAKE_PREFIX_PATH=/opt/ros/humble /usr/bin/cmake /home/g209/ros2_ws/src/game -DCMAKE_INSTALL_PREFIX=/home/g209/ros2_ws/src/game/install/game
[0.297s] -- The C compiler identification is GNU 11.4.0
[0.449s] -- The CXX compiler identification is GNU 11.4.0
[0.468s] -- Detecting C compiler ABI info
[0.568s] -- Detecting C compiler ABI info - done
[0.573s] -- Check for working C compiler: /usr/bin/cc - skipped
[0.574s] -- Detecting C compile features
[0.575s] -- Detecting C compile features - done
[0.580s] -- Detecting CXX compiler ABI info
[0.666s] -- Detecting CXX compiler ABI info - done
[0.669s] -- Check for working CXX compiler: /usr/bin/c++ - skipped
[0.670s] -- Detecting CXX compile features
[0.670s] -- Detecting CXX compile features - done
[0.680s] -- Found ament_cmake: 1.3.5 (/opt/ros/humble/share/ament_cmake/cmake)
[0.826s] -- Found Python3: /usr/bin/python3.10 (found version "3.10.12") found components: Interpreter 
[0.963s] -- Found rosidl_default_generators: 1.2.0 (/opt/ros/humble/share/rosidl_default_generators/cmake)
[0.970s] -- Using all available rosidl_typesupport_c: rosidl_typesupport_fastrtps_c;rosidl_typesupport_introspection_c
[0.980s] -- Found rosidl_adapter: 3.1.5 (/opt/ros/humble/share/rosidl_adapter/cmake)
[1.057s] -- Using all available rosidl_typesupport_cpp: rosidl_typesupport_fastrtps_cpp;rosidl_typesupport_introspection_cpp
[1.122s] -- Found rclcpp: 16.0.6 (/opt/ros/humble/share/rclcpp/cmake)
[1.258s] -- Found rmw_implementation_cmake: 6.1.1 (/opt/ros/humble/share/rmw_implementation_cmake/cmake)
[1.264s] -- Found rmw_fastrtps_cpp: 6.2.4 (/opt/ros/humble/share/rmw_fastrtps_cpp/cmake)
[1.402s] -- Found OpenSSL: /usr/lib/x86_64-linux-gnu/libcrypto.so (found version "3.0.2")  
[1.424s] -- Found FastRTPS: /opt/ros/humble/include  
[1.472s] -- Using RMW implementation 'rmw_fastrtps_cpp' as default
[1.490s] -- Looking for pthread.h
[1.593s] -- Looking for pthread.h - found
[1.593s] -- Performing Test CMAKE_HAVE_LIBC_PTHREAD
[1.678s] -- Performing Test CMAKE_HAVE_LIBC_PTHREAD - Success
[1.678s] -- Found Threads: TRUE  
[2.040s] -- Found ament_cmake_ros: 0.10.0 (/opt/ros/humble/share/ament_cmake_ros/cmake)
[2.211s] -- Using all available rosidl_typesupport_c: rosidl_typesupport_fastrtps_c;rosidl_typesupport_introspection_c
[2.413s] -- Using all available rosidl_typesupport_cpp: rosidl_typesupport_fastrtps_cpp;rosidl_typesupport_introspection_cpp
[2.432s] -- Found PythonInterp: /usr/bin/python3 (found suitable version "3.10.12", minimum required is "3.6") 
[2.435s] -- Found python_cmake_module: 0.10.0 (/opt/ros/humble/share/python_cmake_module/cmake)
[2.471s] -- Found PythonLibs: /usr/lib/x86_64-linux-gnu/libpython3.10.so (found suitable version "3.10.12", minimum required is "3.5") 
[2.471s] -- Using PYTHON_EXECUTABLE: /usr/bin/python3
[2.471s] -- Using PYTHON_INCLUDE_DIRS: /usr/include/python3.10
[2.471s] -- Using PYTHON_LIBRARIES: /usr/lib/x86_64-linux-gnu/libpython3.10.so
[2.488s] -- Found PythonExtra: .so  
[2.517s] [0mCMake Deprecation Warning at /opt/ros/humble/share/rosidl_cmake/cmake/rosidl_target_interfaces.cmake:32 (message):
[2.517s]   Use rosidl_get_typesupport_target() and target_link_libraries() instead of
[2.517s]   rosidl_target_interfaces()
[2.517s] Call Stack (most recent call first):
[2.517s]   CMakeLists.txt:35 (rosidl_target_interfaces)
[2.517s] 
[2.517s] [0m
[2.519s] -- Found ament_lint_auto: 0.12.8 (/opt/ros/humble/share/ament_lint_auto/cmake)
[2.564s] -- Added test 'cppcheck' to perform static code analysis on C / C++ code
[2.565s] -- Configured cppcheck include dirs: $<BUILD_INTERFACE:/home/g209/ros2_ws/src/game/build/game/rosidl_generator_c>;$<BUILD_INTERFACE:/home/g209/ros2_ws/src/game/build/game/rosidl_typesupport_fastrtps_c>;$<BUILD_INTERFACE:/home/g209/ros2_ws/src/game/build/game/rosidl_typesupport_introspection_c>;$<BUILD_INTERFACE:/home/g209/ros2_ws/src/game/build/game/rosidl_generator_cpp>;$<BUILD_INTERFACE:/home/g209/ros2_ws/src/game/build/game/rosidl_typesupport_fastrtps_cpp>;$<BUILD_INTERFACE:/home/g209/ros2_ws/src/game/build/game/rosidl_typesupport_introspection_cpp>;/home/g209/ros2_ws/src/game/build/game/rosidl_generator_c;/home/g209/ros2_ws/src/game/build/game/rosidl_generator_py
[2.565s] -- Configured cppcheck exclude dirs and/or files: 
[2.567s] -- Added test 'flake8' to check Python code syntax and style conventions
[2.569s] -- Added test 'lint_cmake' to check CMake code style
[2.570s] -- Added test 'pep257' to check Python code against some of the docstring style conventions in PEP 257
[2.575s] -- Added test 'uncrustify' to check C / C++ code style
[2.575s] -- Configured uncrustify additional arguments: 
[2.577s] -- Added test 'xmllint' to check XML markup files
[2.580s] -- Configuring done
[2.605s] -- Generating done
[2.608s] -- Build files have been written to: /home/g209/ros2_ws/src/game/build/game
[2.617s] Invoked command in '/home/g209/ros2_ws/src/game/build/game' returned '0': CMAKE_PREFIX_PATH=/opt/ros/humble /usr/bin/cmake /home/g209/ros2_ws/src/game -DCMAKE_INSTALL_PREFIX=/home/g209/ros2_ws/src/game/install/game
[2.619s] Invoking command in '/home/g209/ros2_ws/src/game/build/game': CMAKE_PREFIX_PATH=/opt/ros/humble /usr/bin/cmake --build /home/g209/ros2_ws/src/game/build/game -- -j2 -l2
[2.666s] [  2%] [34m[1mGenerating C code for ROS interfaces[0m
[2.679s] [  5%] [34m[1mGenerating C++ code for ROS interfaces[0m
[2.901s] [  5%] Built target game__cpp
[2.932s] [  8%] [32mBuilding C object CMakeFiles/game__rosidl_generator_c.dir/rosidl_generator_c/game/msg/detail/game_state_msg__functions.c.o[0m
[2.937s] [  8%] Built target ament_cmake_python_copy_game
[2.980s] [ 11%] [32mBuilding CXX object CMakeFiles/player_node.dir/src/player.cpp.o[0m
[3.020s] [ 14%] [32m[1mLinking C shared library libgame__rosidl_generator_c.so[0m
[3.078s] [ 14%] Built target game__rosidl_generator_c
[3.104s] [ 17%] [34m[1mGenerating C++ type support dispatch for ROS interfaces[0m
[3.262s] [ 20%] [32mBuilding CXX object CMakeFiles/game__rosidl_typesupport_cpp.dir/rosidl_typesupport_cpp/game/msg/game_state_msg__type_support.cpp.o[0m
[3.638s] In file included from [01m[K/home/g209/ros2_ws/src/game/src/player.cpp:1[m[K:
[3.638s] [01m[K/home/g209/ros2_ws/src/game/src/player.hpp:5:10:[m[K [01;31m[Kfatal error: [m[Kstd_msgs/msg/Int32.hpp: Datei oder Verzeichnis nicht gefunden
[3.638s]     5 | #include [01;31m[K<std_msgs/msg/Int32.hpp>[m[K
[3.639s]       |          [01;31m[K^~~~~~~~~~~~~~~~~~~~~~~~[m[K
[3.639s] compilation terminated.
[3.641s] gmake[2]: *** [CMakeFiles/player_node.dir/build.make:76: CMakeFiles/player_node.dir/src/player.cpp.o] Fehler 1
[3.641s] gmake[1]: *** [CMakeFiles/Makefile2:622: CMakeFiles/player_node.dir/all] Fehler 2
[3.641s] gmake[1]: *** Auf noch nicht beendete Prozesse wird gewartet â€¦
[3.694s] [ 22%] [32m[1mLinking CXX shared library libgame__rosidl_typesupport_cpp.so[0m
[3.730s] [ 22%] Built target game__rosidl_typesupport_cpp
[3.731s] gmake: *** [Makefile:146: all] Fehler 2
[3.732s] Invoked command in '/home/g209/ros2_ws/src/game/build/game' returned '2': CMAKE_PREFIX_PATH=/opt/ros/humble /usr/bin/cmake --build /home/g209/ros2_ws/src/game/build/game -- -j2 -l2
