[01m[K/home/g209/workspace/src/game/src/controller_publisher.cpp:[m[K In function â€˜[01m[Kint main(int, char**)[m[Kâ€™:
[01m[K/home/g209/workspace/src/game/src/controller_publisher.cpp:136:14:[m[K [01;31m[Kerror: [m[Kâ€˜[01m[Kclass std::shared_ptr<rclcpp::Node>[m[Kâ€™ has no member named â€˜[01m[KhandlePlayerMove[m[Kâ€™
  136 |         node.[01;31m[KhandlePlayerMove[m[K();
      |              [01;31m[K^~~~~~~~~~~~~~~~[m[K
gmake[2]: *** [CMakeFiles/controller_publisher.dir/build.make:76: CMakeFiles/controller_publisher.dir/src/controller_publisher.cpp.o] Fehler 1
gmake[1]: *** [CMakeFiles/Makefile2:593: CMakeFiles/controller_publisher.dir/all] Fehler 2
gmake: *** [Makefile:146: all] Fehler 2
